Arguments: 
  /Users/eliot/.nvm/versions/node/v16.15.0/bin/node /Users/eliot/.nvm/versions/node/v16.15.0/bin/yarn init

PATH: 
  /Users/eliot/.composer/vendor/bin:/Users/eliot/.nvm/versions/node/v16.15.0/bin:/Users/eliot/.zplug/bin:/opt/homebrew/bin:/opt/homebrew/sbin:/Library/Frameworks/Python.framework/Versions/3.9/bin:/usr/local/bin:/usr/bin:/bin:/usr/sbin:/sbin:/usr/local/go/bin:/usr/local/share/dotnet:~/.dotnet/tools:/Library/Apple/usr/bin:/Users/eliot/.composer/vendor/bin:/Users/eliot/.nvm/versions/node/v16.15.0/bin:/Users/eliot/.cargo/bin:/Users/eliot/.fig/bin:/Users/eliot/.local/bin:/usr/local/opt/fzf/bin

Yarn version: 
  1.22.18

Node version: 
  16.15.0

Platform: 
  darwin arm64

Trace: 
  Error: canceled
      at Interface.<anonymous> (/Users/eliot/.nvm/versions/node/v16.15.0/lib/node_modules/yarn/lib/cli.js:137143:13)
      at Interface.emit (node:events:527:28)
      at Interface._ttyWrite (node:readline:1081:16)
      at ReadStream.onkeypress (node:readline:288:10)
      at ReadStream.emit (node:events:527:28)
      at emitKeys (node:internal/readline/utils:358:14)
      at emitKeys.next (<anonymous>)
      at ReadStream.onData (node:internal/readline/emitKeypressEvents:61:36)
      at ReadStream.emit (node:events:527:28)
      at addChunk (node:internal/streams/readable:315:12)

npm manifest: 
  No manifest

yarn manifest: 
  No manifest

Lockfile: 
  No lockfile
